<?xml version="1.0" encoding="UTF-8"?>
<!-- Generated by org.testng.reporters.JUnitReportReporter -->
<testsuite hostname="DESKTOP-7LGPRPJ" failures="0" tests="4" name="test" time="1.407" errors="0" timestamp="2024-01-31T19:33:02 EET" skipped="3">
  <testcase classname="test" name="searchItem" time="1.407"/>
  <system-out/>
  <testcase classname="test" name="printCategoryName">
    <skipped/>
  </testcase> <!-- printCategoryName -->
  <system-out/>
  <testcase classname="test" name="filter">
    <skipped/>
  </testcase> <!-- filter -->
  <system-out/>
  <testcase classname="test" name="login">
    <skipped/>
  </testcase> <!-- login -->
  <system-out/>
</testsuite> <!-- test -->
