<?xml version="1.0" encoding="UTF-8"?>
<!-- Generated by org.testng.reporters.JUnitReportReporter -->
<testsuite hostname="DESKTOP-7LGPRPJ" failures="0" tests="1" name="smokeTests.searchFunctionality" time="1.660" errors="0" timestamp="2024-02-05T19:27:30 EET" skipped="0">
  <testcase classname="smokeTests.searchFunctionality" name="searchItem" time="1.660"/>
  <system-out/>
</testsuite> <!-- smokeTests.searchFunctionality -->
